2024-08-21 22:17:18 INFO  org.hibernate.validator.internal.util.Version - HV000001: Hibernate Validator 8.0.1.Final
2024-08-21 22:17:18 INFO  app.AppApplication - Starting AppApplication using Java 22.0.2 with PID 29088 (C:\Users\lucas\GreenLine-Back-eqp8\target\classes started by lucas in C:\Users\lucas\GreenLine-Back-eqp8)
2024-08-21 22:17:18 INFO  app.AppApplication - No active profile set, falling back to 1 default profile: "default"
2024-08-21 22:17:18 INFO  org.springframework.data.repository.config.RepositoryConfigurationDelegate - Bootstrapping Spring Data JPA repositories in DEFAULT mode.
2024-08-21 22:17:18 INFO  org.springframework.data.repository.config.RepositoryConfigurationDelegate - Finished Spring Data repository scanning in 29 ms. Found 8 JPA repository interfaces.
2024-08-21 22:17:18 INFO  org.springframework.boot.web.embedded.tomcat.TomcatWebServer - Tomcat initialized with port 8080 (http)
2024-08-21 22:17:18 INFO  org.apache.coyote.http11.Http11NioProtocol - Initializing ProtocolHandler ["http-nio-8080"]
2024-08-21 22:17:18 INFO  org.apache.catalina.core.StandardService - Starting service [Tomcat]
2024-08-21 22:17:18 INFO  org.apache.catalina.core.StandardEngine - Starting Servlet engine: [Apache Tomcat/10.1.19]
2024-08-21 22:17:18 INFO  org.apache.catalina.core.ContainerBase.[Tomcat].[localhost].[/] - Initializing Spring embedded WebApplicationContext
2024-08-21 22:17:18 INFO  org.springframework.boot.web.servlet.context.ServletWebServerApplicationContext - Root WebApplicationContext: initialization completed in 584 ms
2024-08-21 22:17:18 INFO  org.hibernate.jpa.internal.util.LogHelper - HHH000204: Processing PersistenceUnitInfo [name: default]
2024-08-21 22:17:18 INFO  org.hibernate.Version - HHH000412: Hibernate ORM core version 6.4.4.Final
2024-08-21 22:17:18 INFO  org.hibernate.cache.internal.RegionFactoryInitiator - HHH000026: Second-level cache disabled
2024-08-21 22:17:18 INFO  org.springframework.orm.jpa.persistenceunit.SpringPersistenceUnitInfo - No LoadTimeWeaver setup: ignoring JPA class transformer
2024-08-21 22:17:18 INFO  com.zaxxer.hikari.HikariDataSource - HikariPool-1 - Starting...
2024-08-21 22:17:19 INFO  com.zaxxer.hikari.pool.HikariPool - HikariPool-1 - Added connection com.mysql.cj.jdbc.ConnectionImpl@64ed18ec
2024-08-21 22:17:19 INFO  com.zaxxer.hikari.HikariDataSource - HikariPool-1 - Start completed.
2024-08-21 22:17:19 INFO  org.hibernate.engine.transaction.jta.platform.internal.JtaPlatformInitiator - HHH000489: No JTA platform available (set 'hibernate.transaction.jta.platform' to enable JTA platform integration)
2024-08-21 22:17:19 INFO  org.springframework.orm.jpa.LocalContainerEntityManagerFactoryBean - Initialized JPA EntityManagerFactory for persistence unit 'default'
2024-08-21 22:17:19 INFO  org.springframework.data.jpa.repository.query.QueryEnhancerFactory - Hibernate is in classpath; If applicable, HQL parser will be used.
2024-08-21 22:17:20 WARN  org.springframework.boot.autoconfigure.orm.jpa.JpaBaseConfiguration$JpaWebConfiguration - spring.jpa.open-in-view is enabled by default. Therefore, database queries may be performed during view rendering. Explicitly configure spring.jpa.open-in-view to disable this warning
2024-08-21 22:17:20 INFO  org.springframework.security.web.DefaultSecurityFilterChain - Will secure any request with [org.springframework.security.web.session.DisableEncodeUrlFilter@72090715, org.springframework.security.web.context.request.async.WebAsyncManagerIntegrationFilter@25bc36, org.springframework.security.web.context.SecurityContextHolderFilter@2a7b4b19, org.springframework.security.web.header.HeaderWriterFilter@e822394, org.springframework.security.web.authentication.logout.LogoutFilter@43eea3bd, app.config.JwtAuthenticationFilter@2fb555e8, org.springframework.security.web.savedrequest.RequestCacheAwareFilter@61761e60, org.springframework.security.web.servletapi.SecurityContextHolderAwareRequestFilter@7aca4144, org.springframework.security.web.authentication.AnonymousAuthenticationFilter@fcdeb50, org.springframework.security.web.session.SessionManagementFilter@77ef7b2b, org.springframework.security.web.access.ExceptionTranslationFilter@358f85b1, org.springframework.security.web.access.intercept.AuthorizationFilter@4746b319]
2024-08-21 22:17:20 INFO  org.apache.coyote.http11.Http11NioProtocol - Starting ProtocolHandler ["http-nio-8080"]
2024-08-21 22:17:20 INFO  org.springframework.boot.web.embedded.tomcat.TomcatWebServer - Tomcat started on port 8080 (http) with context path ''
2024-08-21 22:17:20 INFO  app.AppApplication - Started AppApplication in 2.516 seconds (process running for 2.901)
2024-08-21 22:17:36 INFO  org.apache.catalina.core.ContainerBase.[Tomcat].[localhost].[/] - Initializing Spring DispatcherServlet 'dispatcherServlet'
2024-08-21 22:17:36 INFO  org.springframework.web.servlet.DispatcherServlet - Initializing Servlet 'dispatcherServlet'
2024-08-21 22:17:36 INFO  org.springframework.web.servlet.DispatcherServlet - Completed initialization in 1 ms
2024-08-21 22:19:42 INFO  org.springframework.orm.jpa.LocalContainerEntityManagerFactoryBean - Closing JPA EntityManagerFactory for persistence unit 'default'
2024-08-21 22:19:42 INFO  com.zaxxer.hikari.HikariDataSource - HikariPool-1 - Shutdown initiated...
2024-08-21 22:19:42 INFO  com.zaxxer.hikari.HikariDataSource - HikariPool-1 - Shutdown completed.
2024-08-21 22:19:49 INFO  org.hibernate.validator.internal.util.Version - HV000001: Hibernate Validator 8.0.1.Final
2024-08-21 22:19:49 INFO  app.AppApplication - Starting AppApplication using Java 22.0.2 with PID 18812 (C:\Users\lucas\GreenLine-Back-eqp8\target\classes started by lucas in C:\Users\lucas\GreenLine-Back-eqp8)
2024-08-21 22:19:49 INFO  app.AppApplication - No active profile set, falling back to 1 default profile: "default"
2024-08-21 22:19:49 INFO  org.springframework.data.repository.config.RepositoryConfigurationDelegate - Bootstrapping Spring Data JPA repositories in DEFAULT mode.
2024-08-21 22:19:49 INFO  org.springframework.data.repository.config.RepositoryConfigurationDelegate - Finished Spring Data repository scanning in 28 ms. Found 8 JPA repository interfaces.
2024-08-21 22:19:49 INFO  org.springframework.boot.web.embedded.tomcat.TomcatWebServer - Tomcat initialized with port 8080 (http)
2024-08-21 22:19:49 INFO  org.apache.coyote.http11.Http11NioProtocol - Initializing ProtocolHandler ["http-nio-8080"]
2024-08-21 22:19:49 INFO  org.apache.catalina.core.StandardService - Starting service [Tomcat]
2024-08-21 22:19:49 INFO  org.apache.catalina.core.StandardEngine - Starting Servlet engine: [Apache Tomcat/10.1.19]
2024-08-21 22:19:49 INFO  org.apache.catalina.core.ContainerBase.[Tomcat].[localhost].[/] - Initializing Spring embedded WebApplicationContext
2024-08-21 22:19:49 INFO  org.springframework.boot.web.servlet.context.ServletWebServerApplicationContext - Root WebApplicationContext: initialization completed in 582 ms
2024-08-21 22:19:49 INFO  org.hibernate.jpa.internal.util.LogHelper - HHH000204: Processing PersistenceUnitInfo [name: default]
2024-08-21 22:19:49 INFO  org.hibernate.Version - HHH000412: Hibernate ORM core version 6.4.4.Final
2024-08-21 22:19:49 INFO  org.hibernate.cache.internal.RegionFactoryInitiator - HHH000026: Second-level cache disabled
2024-08-21 22:19:49 INFO  org.springframework.orm.jpa.persistenceunit.SpringPersistenceUnitInfo - No LoadTimeWeaver setup: ignoring JPA class transformer
2024-08-21 22:19:50 INFO  com.zaxxer.hikari.HikariDataSource - HikariPool-1 - Starting...
2024-08-21 22:19:50 INFO  com.zaxxer.hikari.pool.HikariPool - HikariPool-1 - Added connection com.mysql.cj.jdbc.ConnectionImpl@11d1735e
2024-08-21 22:19:50 INFO  com.zaxxer.hikari.HikariDataSource - HikariPool-1 - Start completed.
2024-08-21 22:19:50 INFO  org.hibernate.engine.transaction.jta.platform.internal.JtaPlatformInitiator - HHH000489: No JTA platform available (set 'hibernate.transaction.jta.platform' to enable JTA platform integration)
2024-08-21 22:19:50 INFO  org.springframework.orm.jpa.LocalContainerEntityManagerFactoryBean - Initialized JPA EntityManagerFactory for persistence unit 'default'
2024-08-21 22:19:50 INFO  org.springframework.data.jpa.repository.query.QueryEnhancerFactory - Hibernate is in classpath; If applicable, HQL parser will be used.
2024-08-21 22:19:51 WARN  org.springframework.boot.autoconfigure.orm.jpa.JpaBaseConfiguration$JpaWebConfiguration - spring.jpa.open-in-view is enabled by default. Therefore, database queries may be performed during view rendering. Explicitly configure spring.jpa.open-in-view to disable this warning
2024-08-21 22:19:51 INFO  org.springframework.security.web.DefaultSecurityFilterChain - Will secure any request with [org.springframework.security.web.session.DisableEncodeUrlFilter@373e3dac, org.springframework.security.web.context.request.async.WebAsyncManagerIntegrationFilter@4746b319, org.springframework.security.web.context.SecurityContextHolderFilter@693f9ab5, org.springframework.security.web.header.HeaderWriterFilter@52bef30b, org.springframework.security.web.authentication.logout.LogoutFilter@4f9871a2, app.config.JwtAuthenticationFilter@dd025d9, org.springframework.security.web.savedrequest.RequestCacheAwareFilter@373e09c7, org.springframework.security.web.servletapi.SecurityContextHolderAwareRequestFilter@3f04847e, org.springframework.security.web.authentication.AnonymousAuthenticationFilter@2265a052, org.springframework.security.web.session.SessionManagementFilter@491afa9b, org.springframework.security.web.access.ExceptionTranslationFilter@25c3a441, org.springframework.security.web.access.intercept.AuthorizationFilter@240a9052]
2024-08-21 22:19:51 INFO  org.apache.coyote.http11.Http11NioProtocol - Starting ProtocolHandler ["http-nio-8080"]
2024-08-21 22:19:51 INFO  org.springframework.boot.web.embedded.tomcat.TomcatWebServer - Tomcat started on port 8080 (http) with context path ''
2024-08-21 22:19:51 INFO  app.AppApplication - Started AppApplication in 2.472 seconds (process running for 2.846)
2024-08-21 22:20:09 INFO  org.apache.catalina.core.ContainerBase.[Tomcat].[localhost].[/] - Initializing Spring DispatcherServlet 'dispatcherServlet'
2024-08-21 22:20:09 INFO  org.springframework.web.servlet.DispatcherServlet - Initializing Servlet 'dispatcherServlet'
2024-08-21 22:20:09 INFO  org.springframework.web.servlet.DispatcherServlet - Completed initialization in 0 ms
2024-08-21 22:21:32 INFO  org.springframework.orm.jpa.LocalContainerEntityManagerFactoryBean - Closing JPA EntityManagerFactory for persistence unit 'default'
2024-08-21 22:21:32 INFO  com.zaxxer.hikari.HikariDataSource - HikariPool-1 - Shutdown initiated...
2024-08-21 22:21:32 INFO  com.zaxxer.hikari.HikariDataSource - HikariPool-1 - Shutdown completed.
